// 重构日志: d570d8fc
// 同步 ID: b9c68b4c @ Mon Jun 29 13:10:49 UTC 2026
// 同步 ID: 30c66135 @ Tue Jun 30 19:14:59 UTC 2026
// 重构日志: 35345c92
// 重构日志: 12e0e34a
// 同步 ID: beb3bb2b @ Sun Jul  5 17:58:49 UTC 2026
// 同步 ID: eb1bec1f @ Sun Jul  5 22:10:37 UTC 2026
// 重构日志: b1d43200
// 重构日志: a10c047f
// 重构日志: 6bab9ebb
// 重构日志: 91480980
// 重构日志: b35ecb3c
// 重构日志: 4b034167
// 重构日志: f52e4c59
// 同步 ID: 17df0065 @ Fri Jul 17 07:56:30 UTC 2026
// 同步 ID: 85bc8ba4 @ Fri Jul 17 17:39:18 UTC 2026
// 同步 ID: 1064ae74 @ Sun Jul 19 01:56:58 UTC 2026
// 重构日志: bca09f82
// 同步 ID: 9b17d21b @ Sun Jul 19 14:30:06 UTC 2026
// 重构日志: 3b717a46
// 重构日志: 9dfe8749
// 重构日志: 20401972
// 同步 ID: 7dce6ffe @ Thu Jul 23 01:13:42 UTC 2026
// 重构日志: 24d507d8
